#
# A fatal error has been detected by the Java Runtime Environment:
#
#  EXCEPTION_ACCESS_VIOLATION (0xc0000005) at pc=0x0000000702bdf548, pid=18876, tid=4252
#
# JRE version: Java(TM) SE Runtime Environment (15.0.2+7) (build 15.0.2+7-27)
# Java VM: Java HotSpot(TM) 64-Bit Server VM (15.0.2+7-27, mixed mode, sharing, tiered, compressed oops, g1 gc, windows-amd64)
# Problematic frame:
# C  0x0000000702bdf548
#
# No core dump will be written. Minidumps are not enabled by default on client versions of Windows
#
# If you would like to submit a bug report, please visit:
#   https://bugreport.java.com/bugreport/crash.jsp
#

---------------  S U M M A R Y ------------

Command Line: -Dmaven.multiModuleProjectDirectory=C:\Users\preda\Desktop\Uni\4. Semester\Software Architektur\PS\ProjektArbeit\g5t2\Project -Dmaven.home=C:\Program Files\JetBrains\IntelliJ IDEA Community Edition 2020.3.2\plugins\maven\lib\maven3 -Dclassworlds.conf=C:\Program Files\JetBrains\IntelliJ IDEA Community Edition 2020.3.2\plugins\maven\lib\maven3\bin\m2.conf -Dmaven.ext.class.path=C:\Program Files\JetBrains\IntelliJ IDEA Community Edition 2020.3.2\plugins\maven\lib\maven-event-listener.jar -javaagent:C:\Program Files\JetBrains\IntelliJ IDEA Community Edition 2020.3.2\lib\idea_rt.jar=51007:C:\Program Files\JetBrains\IntelliJ IDEA Community Edition 2020.3.2\bin -Dfile.encoding=UTF-8 org.codehaus.classworlds.Launcher -Didea.version=2021.2.3 spring-boot:run

Host: AMD Ryzen 5 1600 Six-Core Processor            , 12 cores, 15G,  Windows 10 , 64 bit Build 19041 (10.0.19041.292)
Time: Sat Dec 18 14:20:40 2021 W. Europe Standard Time elapsed time: 6.586244 seconds (0d 0h 0m 6s)

---------------  T H R E A D  ---------------

Current thread (0x0000018f22ed63f0):  GCTaskThread "GC Thread#5" [stack: 0x000000532c200000,0x000000532c300000] [id=4252]

Stack: [0x000000532c200000,0x000000532c300000],  sp=0x000000532c2ff338,  free space=1020k
Native frames: (J=compiled Java code, j=interpreted, Vv=VM code, C=native code)
C  0x0000000702bdf548


siginfo: EXCEPTION_ACCESS_VIOLATION (0xc0000005), data execution prevention violation at address 0x0000000702bdf548


Register to memory mapping:

RIP=0x0000000702bdf548 is an oop: java.util.LinkedHashMap$Entry 
{0x0000000702bdf548} - klass: 'java/util/LinkedHashMap$Entry'
RAX=0x0000000702bfda00 is pointing into object: [B 
{0x0000000702bfd998} - klass: {type array byte}
 - length: 91
RBX=0x0000000702bfd820 is an oop: com.sun.tools.javac.code.Type$PackageType 
{0x0000000702bfd820} - klass: 'com/sun/tools/javac/code/Type$PackageType'
RCX=0x0000000702bfda00 is pointing into object: [B 
{0x0000000702bfd998} - klass: {type array byte}
 - length: 91
RDX=0x000000532c2ff380 points into unknown readable memory: 0x0000000702bfda00 | 00 da bf 02 07 00 00 00
RSP=0x000000532c2ff338 points into unknown readable memory: 0x000000532c2ff380 | 80 f3 2f 2c 53 00 00 00
RBP=0x0000000702bfda00 is pointing into object: [B 
{0x0000000702bfd998} - klass: {type array byte}
 - length: 91
RSI=0x0000018f7e107790 points into unknown readable memory: 0x0000000702c00000 | 00 00 c0 02 07 00 00 00
RDI=0x0000000702bfd7d8 is an oop: com.sun.tools.javac.code.Symbol$PackageSymbol 
{0x0000000702bfd7d8} - klass: 'com/sun/tools/javac/code/Symbol$PackageSymbol'
R8 =0x0000000701000000 is an oop: java.lang.reflect.Method 
{0x0000000701000000} - klass: 'java/lang/reflect/Method'
R9 =0x0000018f7e690000 points into unknown readable memory: 0x33211040400e0000 | 00 00 0e 40 40 10 21 33
R10=0x0000000000000005 is an unknown value
R11=0x0000018f7e69def4 points into unknown readable memory: 40 40 40 40
R12=0x0000000702bfdc00 is pointing into object: [Lcom.sun.tools.javac.code.Scope$Entry; 
{0x0000000702bfdb90} - klass: 'com/sun/tools/javac/code/Scope$Entry'[]
 - length: 32
R13=0x0000018f7e082cd0 points into unknown readable memory: 0x00000000000007f8 | f8 07 00 00 00 00 00 00
R14=0x0000000000000001 is an unknown value
R15=0x000000532c2ff470 points into unknown readable memory: 0x00007ffb73d4b670 | 70 b6 d4 73 fb 7f 00 00


Registers:
RAX=0x0000000702bfda00, RBX=0x0000000702bfd820, RCX=0x0000000702bfda00, RDX=0x000000532c2ff380
RSP=0x000000532c2ff338, RBP=0x0000000702bfda00, RSI=0x0000018f7e107790, RDI=0x0000000702bfd7d8
R8 =0x0000000701000000, R9 =0x0000018f7e690000, R10=0x0000000000000005, R11=0x0000018f7e69def4
R12=0x0000000702bfdc00, R13=0x0000018f7e082cd0, R14=0x0000000000000001, R15=0x000000532c2ff470
RIP=0x0000000702bdf548, EFLAGS=0x0000000000010206

Top of Stack: (sp=0x000000532c2ff338)
0x000000532c2ff338:   000000532c2ff380 0000000702bfd7d8
0x000000532c2ff348:   0000018f7e107790 0000000702bfd820
0x000000532c2ff358:   00007ffb7378f5ec 0000018f7e107790
0x000000532c2ff368:   0000000702bfda00 0000018f7e107770
0x000000532c2ff378:   00007ffb73763a16 0000000702bfda00
0x000000532c2ff388:   0000000702bcf4a8 000000000000dfed
0x000000532c2ff398:   0000000000000000 0000018f7e078420
0x000000532c2ff3a8:   00007ffb7379c1f8 0000018f7e107770
0x000000532c2ff3b8:   000000532c2ff620 000013734e143f33
0x000000532c2ff3c8:   000000532c2ff620 0000000000000000
0x000000532c2ff3d8:   0000000702bfd600 0000018f268f3060
0x000000532c2ff3e8:   00007ffb7378f06a 0000000000000000
0x000000532c2ff3f8:   0000018f7ee9de00 0000000000000001
0x000000532c2ff408:   0000018f7e082cd0 000000532c2ff620
0x000000532c2ff418:   0000000000000040 000000532c2ff620
0x000000532c2ff428:   0000000702bfda00 0000018f7e107770 

Instructions: (pc=0x0000000702bdf548)
0x0000000702bdf448:   53 c5 57 e0 53 e7 57 e0 00 00 00 00 1c e2 57 e0
0x0000000702bdf458:   bc e2 57 e0 47 e9 57 e0 b7 e7 57 e0 b8 e6 57 e0
0x0000000702bdf468:   e3 e3 57 e0 81 e6 57 e0 00 00 00 00 00 00 00 00
0x0000000702bdf478:   00 00 00 00 00 00 00 00 00 00 00 00 00 00 00 00
0x0000000702bdf488:   00 00 00 00 00 00 00 00 00 00 00 00 c7 e6 57 e0
0x0000000702bdf498:   00 00 00 00 a3 e7 57 e0 00 00 00 00 00 00 00 00
0x0000000702bdf4a8:   ca e3 57 e0 aa e5 57 e0 c1 e7 57 e0 00 00 00 00
0x0000000702bdf4b8:   00 00 00 00 00 00 00 00 a2 e3 57 e0 6a e0 57 e0
0x0000000702bdf4c8:   5e e1 57 e0 00 00 00 00 00 00 00 00 00 00 00 00
0x0000000702bdf4d8:   00 00 00 00 00 00 00 00 4e e7 57 e0 ef e6 57 e0
0x0000000702bdf4e8:   00 00 00 00 00 00 00 00 00 00 00 00 00 00 00 00
0x0000000702bdf4f8:   00 00 00 00 12 e7 57 e0 00 00 00 00 95 e6 57 e0
0x0000000702bdf508:   00 00 00 00 00 00 00 00 99 e7 57 e0 92 e9 57 e0
0x0000000702bdf518:   00 00 00 00 00 00 00 00 00 00 00 00 5b e4 57 e0
0x0000000702bdf528:   00 00 00 00 f3 e7 57 e0 3e e3 57 e0 9e e7 57 e0
0x0000000702bdf538:   00 00 00 00 00 00 00 00 83 e9 57 e0 00 00 00 00
0x0000000702bdf548:   09 00 00 00 00 00 00 00 83 a6 03 00 30 e8 8f 78
0x0000000702bdf558:   ae be 57 e0 ae be 57 e0 00 00 00 00 d6 be 57 e0
0x0000000702bdf568:   ad e7 57 e0 00 00 00 00 09 00 00 00 00 00 00 00
0x0000000702bdf578:   94 77 1a 00 bf 90 8f 78 8d 2f 00 00 00 00 00 00
0x0000000702bdf588:   b3 be 57 e0 00 00 00 00 c2 be 57 e0 00 00 00 00
0x0000000702bdf598:   09 00 00 00 00 00 00 00 85 22 00 00 68 00 00 00
0x0000000702bdf5a8:   2f 6f 72 67 2f 73 70 72 69 6e 67 66 72 61 6d 65
0x0000000702bdf5b8:   77 6f 72 6b 2f 73 65 63 75 72 69 74 79 2f 77 65
0x0000000702bdf5c8:   62 2f 73 65 72 76 65 72 2f 61 75 74 68 65 6e 74
0x0000000702bdf5d8:   69 63 61 74 69 6f 6e 2f 52 65 64 69 72 65 63 74
0x0000000702bdf5e8:   53 65 72 76 65 72 41 75 74 68 65 6e 74 69 63 61
0x0000000702bdf5f8:   74 69 6f 6e 46 61 69 6c 75 72 65 48 61 6e 64 6c
0x0000000702bdf608:   65 72 2e 63 6c 61 73 73 09 00 00 00 00 00 00 00
0x0000000702bdf618:   94 77 1a 00 9d aa 8d 99 fc 2e 00 00 00 00 00 00
0x0000000702bdf628:   c7 be 57 e0 00 00 00 00 00 00 00 00 00 00 00 00
0x0000000702bdf638:   09 00 00 00 00 00 00 00 85 22 00 00 64 00 00 00 


Stack slot to memory mapping:
stack at sp + 0 slots: 0x000000532c2ff380 points into unknown readable memory: 0x0000000702bfda00 | 00 da bf 02 07 00 00 00
stack at sp + 1 slots: 0x0000000702bfd7d8 is an oop: com.sun.tools.javac.code.Symbol$PackageSymbol 
{0x0000000702bfd7d8} - klass: 'com/sun/tools/javac/code/Symbol$PackageSymbol'
stack at sp + 2 slots: 0x0000018f7e107790 points into unknown readable memory: 0x0000000702c00000 | 00 00 c0 02 07 00 00 00
stack at sp + 3 slots: 0x0000000702bfd820 is an oop: com.sun.tools.javac.code.Type$PackageType 
{0x0000000702bfd820} - klass: 'com/sun/tools/javac/code/Type$PackageType'
stack at sp + 4 slots: 0x00007ffb7378f5ec jvm.dll
stack at sp + 5 slots: 0x0000018f7e107790 points into unknown readable memory: 0x0000000702c00000 | 00 00 c0 02 07 00 00 00
stack at sp + 6 slots: 0x0000000702bfda00 is pointing into object: [B 
{0x0000000702bfd998} - klass: {type array byte}
 - length: 91
stack at sp + 7 slots: 0x0000018f7e107770 points into unknown readable memory: 0x0000000702a00000 | 00 00 a0 02 07 00 00 00


---------------  P R O C E S S  ---------------

Threads class SMR info:
_java_thread_list=0x0000018f2425a330, length=14, elements={
0x0000018f7e068a50, 0x0000018f21c78700, 0x0000018f21c791e0, 0x0000018f2248e660,
0x0000018f22491f40, 0x0000018f22493810, 0x0000018f22494400, 0x0000018f224a02c0,
0x0000018f224ab490, 0x0000018f225a0c00, 0x0000018f22662470, 0x0000018f22666950,
0x0000018f22761760, 0x0000018f256cf710
}

Java Threads: ( => current thread )
  0x0000018f7e068a50 JavaThread "main" [_thread_blocked, id=13952, stack(0x000000532a900000,0x000000532aa00000)]
  0x0000018f21c78700 JavaThread "Reference Handler" daemon [_thread_blocked, id=15716, stack(0x000000532b000000,0x000000532b100000)]
  0x0000018f21c791e0 JavaThread "Finalizer" daemon [_thread_blocked, id=18460, stack(0x000000532b100000,0x000000532b200000)]
  0x0000018f2248e660 JavaThread "Signal Dispatcher" daemon [_thread_blocked, id=11072, stack(0x000000532b200000,0x000000532b300000)]
  0x0000018f22491f40 JavaThread "Attach Listener" daemon [_thread_blocked, id=13464, stack(0x000000532b300000,0x000000532b400000)]
  0x0000018f22493810 JavaThread "Service Thread" daemon [_thread_blocked, id=176, stack(0x000000532b400000,0x000000532b500000)]
  0x0000018f22494400 JavaThread "C2 CompilerThread0" daemon [_thread_in_native, id=17376, stack(0x000000532b500000,0x000000532b600000)]
  0x0000018f224a02c0 JavaThread "C1 CompilerThread0" daemon [_thread_blocked, id=13488, stack(0x000000532b600000,0x000000532b700000)]
  0x0000018f224ab490 JavaThread "Sweeper thread" daemon [_thread_blocked, id=15832, stack(0x000000532b700000,0x000000532b800000)]
  0x0000018f225a0c00 JavaThread "Common-Cleaner" daemon [_thread_blocked, id=18508, stack(0x000000532b800000,0x000000532b900000)]
  0x0000018f22662470 JavaThread "Monitor Ctrl-Break" daemon [_thread_in_native, id=21944, stack(0x000000532b900000,0x000000532ba00000)]
  0x0000018f22666950 JavaThread "Notification Thread" daemon [_thread_blocked, id=21336, stack(0x000000532ba00000,0x000000532bb00000)]
  0x0000018f22761760 JavaThread "C2 CompilerThread1" daemon [_thread_blocked, id=11624, stack(0x000000532bc00000,0x000000532bd00000)]
  0x0000018f256cf710 JavaThread "C2 CompilerThread2" daemon [_thread_blocked, id=18756, stack(0x000000532bd00000,0x000000532be00000)]

Other Threads:
  0x0000018f21c75f70 VMThread "VM Thread" [stack: 0x000000532af00000,0x000000532b000000] [id=9504]
  0x0000018f226692b0 WatcherThread [stack: 0x000000532bb00000,0x000000532bc00000] [id=19472]
  0x0000018f7e0b6880 GCTaskThread "GC Thread#0" [stack: 0x000000532aa00000,0x000000532ab00000] [id=21668]
  0x0000018f22ed7710 GCTaskThread "GC Thread#1" [stack: 0x000000532be00000,0x000000532bf00000] [id=4996]
  0x0000018f22ed50d0 GCTaskThread "GC Thread#2" [stack: 0x000000532bf00000,0x000000532c000000] [id=11184]
  0x0000018f22ed5a60 GCTaskThread "GC Thread#3" [stack: 0x000000532c000000,0x000000532c100000] [id=16128]
  0x0000018f22ed6720 GCTaskThread "GC Thread#4" [stack: 0x000000532c100000,0x000000532c200000] [id=17740]
=>0x0000018f22ed63f0 GCTaskThread "GC Thread#5" [stack: 0x000000532c200000,0x000000532c300000] [id=4252]
  0x0000018f7be2e8e0 ConcurrentGCThread "G1 Main Marker" [stack: 0x000000532ab00000,0x000000532ac00000] [id=13836]
  0x0000018f7e0c73e0 ConcurrentGCThread "G1 Conc#0" [stack: 0x000000532ac00000,0x000000532ad00000] [id=9116]
  0x0000018f22ed7d70 ConcurrentGCThread "G1 Conc#1" [stack: 0x000000532c300000,0x000000532c400000] [id=20008]
  0x0000018f22ed4410 ConcurrentGCThread "G1 Conc#2" [stack: 0x000000532c400000,0x000000532c500000] [id=16696]
  0x0000018f7e13dd10 ConcurrentGCThread "G1 Refine#0" [stack: 0x000000532ad00000,0x000000532ae00000] [id=11236]
  0x0000018f7e13e810 ConcurrentGCThread "G1 Young RemSet Sampling" [stack: 0x000000532ae00000,0x000000532af00000] [id=17028]

Threads with active compile tasks:
C2 CompilerThread0     6640 7189   !   4       java.util.jar.Attributes::read (530 bytes)

VM state: at safepoint (normal execution)

VM Mutex/Monitor currently owned by a thread:  ([mutex/lock_event])
[0x0000018f7e064590] Threads_lock - owner thread: 0x0000018f21c75f70
[0x0000018f7e0654c0] Heap_lock - owner thread: 0x0000018f7e068a50

Heap address: 0x0000000701000000, size: 4080 MB, Compressed Oops mode: Zero based, Oop shift amount: 3
CDS archive(s) mapped at: [0x0000000800000000-0x0000000800b50000-0x0000000800b50000), size 11862016, SharedBaseAddress: 0x0000000800000000, ArchiveRelocationMode: 0.
Compressed class space mapped at: 0x0000000800b50000-0x0000000840b50000, size: 1073741824
Narrow klass base: 0x0000000800000000, Narrow klass shift: 3, Narrow klass range: 0x100000000

GC Precious Log:
 CPUs: 12 total, 12 available
 Memory: 16318M
 Large Page Support: Disabled
 NUMA Support: Disabled
 Compressed Oops: Enabled (Zero based)
 Heap Region Size: 2M
 Heap Min Capacity: 8M
 Heap Initial Capacity: 256M
 Heap Max Capacity: 4080M
 Pre-touch: Disabled
 Parallel Workers: 10
 Concurrent Workers: 3
 Concurrent Refinement Workers: 10
 Periodic GC: Disabled

Heap:
 garbage-first heap   total 131072K, used 100738K [0x0000000701000000, 0x0000000800000000)
  region size 2048K, 21 young (43008K), 1 survivors (2048K)
 Metaspace       used 28212K, capacity 28773K, committed 29052K, reserved 1075200K
  class space    used 2978K, capacity 3199K, committed 3276K, reserved 1048576K

Heap Regions: E=young(eden), S=young(survivor), O=old, HS=humongous(starts), HC=humongous(continues), CS=collection set, F=free, OA=open archive, CA=closed archive, TAMS=top-at-mark-start (previous, next)
|   0|0x0000000701000000, 0x0000000701200000, 0x0000000701200000|100%| O|  |TAMS 0x0000000701200000, 0x0000000701000000| Untracked 
|   1|0x0000000701200000, 0x0000000701400000, 0x0000000701400000|100%| O|  |TAMS 0x0000000701400000, 0x0000000701200000| Untracked 
|   2|0x0000000701400000, 0x0000000701600000, 0x0000000701600000|100%| O|  |TAMS 0x0000000701400000, 0x0000000701400000| Untracked 
|   3|0x0000000701600000, 0x0000000701800000, 0x0000000701800000|100%|HS|  |TAMS 0x0000000701800000, 0x0000000701600000| Complete 
|   4|0x0000000701800000, 0x0000000701a00000, 0x0000000701a00000|100%| O|  |TAMS 0x0000000701800000, 0x0000000701800000| Untracked 
|   5|0x0000000701a00000, 0x0000000701c00000, 0x0000000701c00000|100%| O|  |TAMS 0x0000000701a00000, 0x0000000701a00000| Untracked 
|   6|0x0000000701c00000, 0x0000000701e00000, 0x0000000701e00000|100%| O|  |TAMS 0x0000000701c00000, 0x0000000701c00000| Untracked 
|   7|0x0000000701e00000, 0x0000000702000000, 0x0000000702000000|100%| O|  |TAMS 0x0000000701e00000, 0x0000000701e00000| Untracked 
|   8|0x0000000702000000, 0x0000000702200000, 0x0000000702200000|100%| O|  |TAMS 0x0000000702000000, 0x0000000702000000| Untracked 
|   9|0x0000000702200000, 0x0000000702400000, 0x0000000702400000|100%| O|  |TAMS 0x0000000702200000, 0x0000000702200000| Untracked 
|  10|0x0000000702400000, 0x0000000702600000, 0x0000000702600000|100%| O|  |TAMS 0x0000000702400000, 0x0000000702400000| Untracked 
|  11|0x0000000702600000, 0x0000000702800000, 0x0000000702800000|100%| O|  |TAMS 0x0000000702600000, 0x0000000702600000| Untracked 
|  12|0x0000000702800000, 0x0000000702a00000, 0x0000000702a00000|100%| O|  |TAMS 0x0000000702800000, 0x0000000702800000| Untracked 
|  13|0x0000000702a00000, 0x0000000702c00000, 0x0000000702c00000|100%| O|  |TAMS 0x0000000702a00000, 0x0000000702a00000| Untracked 
|  14|0x0000000702c00000, 0x0000000702e00000, 0x0000000702e00000|100%| O|  |TAMS 0x0000000702c00000, 0x0000000702c00000| Untracked 
|  15|0x0000000702e00000, 0x0000000703000000, 0x0000000703000000|100%| O|  |TAMS 0x0000000702e00000, 0x0000000702e00000| Untracked 
|  16|0x0000000703000000, 0x0000000703200000, 0x0000000703200000|100%| O|  |TAMS 0x0000000703000000, 0x0000000703000000| Untracked 
|  17|0x0000000703200000, 0x0000000703400000, 0x0000000703400000|100%| O|  |TAMS 0x0000000703200000, 0x0000000703200000| Untracked 
|  18|0x0000000703400000, 0x0000000703600000, 0x0000000703600000|100%| O|  |TAMS 0x0000000703400000, 0x0000000703400000| Untracked 
|  19|0x0000000703600000, 0x0000000703800000, 0x0000000703800000|100%| O|  |TAMS 0x0000000703600000, 0x0000000703600000| Untracked 
|  20|0x0000000703800000, 0x000000070387e4b8, 0x0000000703a00000| 24%| O|  |TAMS 0x0000000703800000, 0x0000000703800000| Untracked 
|  21|0x0000000703a00000, 0x0000000703a00000, 0x0000000703c00000|  0%| F|  |TAMS 0x0000000703a00000, 0x0000000703a00000| Untracked 
|  22|0x0000000703c00000, 0x0000000703c00000, 0x0000000703e00000|  0%| F|  |TAMS 0x0000000703c00000, 0x0000000703c00000| Untracked 
|  23|0x0000000703e00000, 0x0000000703e00000, 0x0000000704000000|  0%| F|  |TAMS 0x0000000703e00000, 0x0000000703e00000| Untracked 
|  24|0x0000000704000000, 0x0000000704000000, 0x0000000704200000|  0%| F|  |TAMS 0x0000000704000000, 0x0000000704000000| Untracked 
|  25|0x0000000704200000, 0x0000000704200000, 0x0000000704400000|  0%| F|  |TAMS 0x0000000704200000, 0x0000000704200000| Untracked 
|  26|0x0000000704400000, 0x0000000704600000, 0x0000000704600000|100%| O|  |TAMS 0x0000000704600000, 0x0000000704400000| Untracked 
|  27|0x0000000704600000, 0x0000000704800000, 0x0000000704800000|100%| O|  |TAMS 0x0000000704800000, 0x0000000704600000| Untracked 
|  28|0x0000000704800000, 0x0000000704a00000, 0x0000000704a00000|100%| O|  |TAMS 0x0000000704a00000, 0x0000000704800000| Untracked 
|  29|0x0000000704a00000, 0x0000000704c00000, 0x0000000704c00000|100%| O|  |TAMS 0x0000000704c00000, 0x0000000704a00000| Untracked 
|  30|0x0000000704c00000, 0x0000000704e00000, 0x0000000704e00000|100%| O|  |TAMS 0x0000000704e00000, 0x0000000704c00000| Untracked 
|  31|0x0000000704e00000, 0x0000000705000000, 0x0000000705000000|100%| O|  |TAMS 0x0000000705000000, 0x0000000704e00000| Untracked 
|  32|0x0000000705000000, 0x0000000705200000, 0x0000000705200000|100%| O|  |TAMS 0x0000000705200000, 0x0000000705000000| Untracked 
|  33|0x0000000705200000, 0x0000000705400000, 0x0000000705400000|100%| O|  |TAMS 0x0000000705400000, 0x0000000705200000| Untracked 
|  34|0x0000000705400000, 0x0000000705583000, 0x0000000705600000| 75%| O|  |TAMS 0x0000000705583000, 0x0000000705400000| Untracked 
|  35|0x0000000705600000, 0x0000000705600000, 0x0000000705800000|  0%| F|  |TAMS 0x0000000705600000, 0x0000000705600000| Untracked 
|  36|0x0000000705800000, 0x0000000705800000, 0x0000000705a00000|  0%| F|  |TAMS 0x0000000705800000, 0x0000000705800000| Untracked 
|  37|0x0000000705a00000, 0x0000000705a00000, 0x0000000705c00000|  0%| F|  |TAMS 0x0000000705a00000, 0x0000000705a00000| Untracked 
|  38|0x0000000705c00000, 0x0000000705c00000, 0x0000000705e00000|  0%| F|  |TAMS 0x0000000705c00000, 0x0000000705c00000| Untracked 
|  39|0x0000000705e00000, 0x0000000705f06370, 0x0000000706000000| 51%| E|CS|TAMS 0x0000000705e00000, 0x0000000705e00000| Complete 
|  40|0x0000000706000000, 0x0000000706200000, 0x0000000706200000|100%| E|CS|TAMS 0x0000000706000000, 0x0000000706000000| Complete 
|  41|0x0000000706200000, 0x0000000706400000, 0x0000000706400000|100%| E|CS|TAMS 0x0000000706200000, 0x0000000706200000| Complete 
|  42|0x0000000706400000, 0x0000000706400000, 0x0000000706600000|  0%| F|  |TAMS 0x0000000706400000, 0x0000000706400000| Untracked 
|  43|0x0000000706600000, 0x00000007066d62a8, 0x0000000706800000| 41%| S|  |TAMS 0x0000000706600000, 0x0000000706600000| Complete 
|  44|0x0000000706800000, 0x0000000706a00000, 0x0000000706a00000|100%| E|CS|TAMS 0x0000000706800000, 0x0000000706800000| Complete 
|  45|0x0000000706a00000, 0x0000000706c00000, 0x0000000706c00000|100%| E|CS|TAMS 0x0000000706a00000, 0x0000000706a00000| Complete 
|  46|0x0000000706c00000, 0x0000000706dfb4e0, 0x0000000706e00000| 99%| E|CS|TAMS 0x0000000706c00000, 0x0000000706c00000| Complete 
|  47|0x0000000706e00000, 0x0000000707000000, 0x0000000707000000|100%| E|CS|TAMS 0x0000000706e00000, 0x0000000706e00000| Complete 
|  48|0x0000000707000000, 0x0000000707200000, 0x0000000707200000|100%| E|CS|TAMS 0x0000000707000000, 0x0000000707000000| Complete 
|  49|0x0000000707200000, 0x0000000707400000, 0x0000000707400000|100%| E|CS|TAMS 0x0000000707200000, 0x0000000707200000| Complete 
|  50|0x0000000707400000, 0x0000000707600000, 0x0000000707600000|100%| E|CS|TAMS 0x0000000707400000, 0x0000000707400000| Complete 
|  51|0x0000000707600000, 0x0000000707800000, 0x0000000707800000|100%| E|CS|TAMS 0x0000000707600000, 0x0000000707600000| Complete 
|  52|0x0000000707800000, 0x0000000707a00000, 0x0000000707a00000|100%| E|CS|TAMS 0x0000000707800000, 0x0000000707800000| Complete 
|  53|0x0000000707a00000, 0x0000000707c00000, 0x0000000707c00000|100%| E|CS|TAMS 0x0000000707a00000, 0x0000000707a00000| Complete 
|  54|0x0000000707c00000, 0x0000000707e00000, 0x0000000707e00000|100%| E|CS|TAMS 0x0000000707c00000, 0x0000000707c00000| Complete 
|  55|0x0000000707e00000, 0x0000000708000000, 0x0000000708000000|100%| E|CS|TAMS 0x0000000707e00000, 0x0000000707e00000| Complete 
|  56|0x0000000708000000, 0x0000000708200000, 0x0000000708200000|100%| E|CS|TAMS 0x0000000708000000, 0x0000000708000000| Complete 
|  57|0x0000000708200000, 0x0000000708400000, 0x0000000708400000|100%| E|CS|TAMS 0x0000000708200000, 0x0000000708200000| Complete 
|  96|0x000000070d000000, 0x000000070d200000, 0x000000070d200000|100%| E|CS|TAMS 0x000000070d000000, 0x000000070d000000| Complete 
|  97|0x000000070d200000, 0x000000070d400000, 0x000000070d400000|100%| E|CS|TAMS 0x000000070d200000, 0x000000070d200000| Complete 
|  98|0x000000070d400000, 0x000000070d600000, 0x000000070d600000|100%| E|CS|TAMS 0x000000070d400000, 0x000000070d400000| Complete 
|  99|0x000000070d600000, 0x000000070d800000, 0x000000070d800000|100%| E|CS|TAMS 0x000000070d600000, 0x000000070d600000| Complete 
| 100|0x000000070d800000, 0x000000070da00000, 0x000000070da00000|100%| E|CS|TAMS 0x000000070d800000, 0x000000070d800000| Complete 
| 153|0x0000000714200000, 0x0000000714400000, 0x0000000714400000|100%| E|CS|TAMS 0x0000000714200000, 0x0000000714200000| Complete 

Card table byte_map: [0x0000018f7ee90000,0x0000018f7f690000] _byte_map_base: 0x0000018f7b688000

Marking Bits (Prev, Next): (CMBitMap*) 0x0000018f7be2dfb0, (CMBitMap*) 0x0000018f7be2dff0
 Prev Bits: [0x0000018f17160000, 0x0000018f1b120000)
 Next Bits: [0x0000018f1b120000, 0x0000018f1f0e0000)

Polling page: 0x0000018f7bfa0000

Metaspace:

Usage:
  Non-class:     24.97 MB capacity,    24.64 MB ( 99%) used,   304.70 KB (  1%) free+waste,    34.62 KB ( <1%) overhead. 
      Class:      3.12 MB capacity,     2.91 MB ( 93%) used,   207.79 KB (  6%) free+waste,    13.12 KB ( <1%) overhead. 
       Both:     28.10 MB capacity,    27.55 MB ( 98%) used,   512.48 KB (  2%) free+waste,    47.75 KB ( <1%) overhead. 

Virtual space:
  Non-class space:       26.00 MB reserved,      25.17 MB ( 97%) committed 
      Class space:        1.00 GB reserved,       3.20 MB ( <1%) committed 
             Both:        1.03 GB reserved,      28.37 MB (  3%) committed 

Chunk freelists:
   Non-Class:  10.00 KB
       Class:  1.00 KB
        Both:  11.00 KB

MaxMetaspaceSize: 17179869184.00 GB
CompressedClassSpaceSize: 1.00 GB

CodeHeap 'non-profiled nmethods': size=120000Kb used=3819Kb max_used=3819Kb free=116180Kb
 bounds [0x0000018f0fc30000, 0x0000018f0fff0000, 0x0000018f17160000]
CodeHeap 'profiled nmethods': size=120000Kb used=13188Kb max_used=13188Kb free=106811Kb
 bounds [0x0000018f08700000, 0x0000018f093f0000, 0x0000018f0fc30000]
CodeHeap 'non-nmethods': size=5760Kb used=1240Kb max_used=1298Kb free=4519Kb
 bounds [0x0000018f08160000, 0x0000018f083d0000, 0x0000018f08700000]
 total_blobs=6887 nmethods=6373 adapters=426
 compilation: enabled
              stopped_count=0, restarted_count=0
 full_count=0

Compilation events (20 events):
Event: 6.528 Thread 0x0000018f224a02c0 7199   !   3       com.sun.tools.javac.file.CacheFSInfo::maybeReadAttributes (19 bytes)
Event: 6.528 Thread 0x0000018f224a02c0 nmethod 7199 0x0000018f093dbb10 code [0x0000018f093dbd40, 0x0000018f093dc5f8]
Event: 6.536 Thread 0x0000018f224a02c0 7200       3       java.util.jar.JarFile::<init> (11 bytes)
Event: 6.536 Thread 0x0000018f224a02c0 nmethod 7200 0x0000018f093dca10 code [0x0000018f093dcbc0, 0x0000018f093dcce8]
Event: 6.549 Thread 0x0000018f224a02c0 7202   !   3       sun.nio.fs.WindowsPath::toAbsolutePath (56 bytes)
Event: 6.550 Thread 0x0000018f224a02c0 nmethod 7202 0x0000018f093dcd90 code [0x0000018f093dcfe0, 0x0000018f093dd878]
Event: 6.555 Thread 0x0000018f256cf710 7203       4       java.util.ImmutableCollections$MapN::get (35 bytes)
Event: 6.559 Thread 0x0000018f224a02c0 7204       3       sun.nio.fs.WindowsPath::toRealPath (6 bytes)
Event: 6.560 Thread 0x0000018f224a02c0 nmethod 7204 0x0000018f093ddb90 code [0x0000018f093ddda0, 0x0000018f093de4b8]
Event: 6.560 Thread 0x0000018f224a02c0 7205       3       sun.nio.fs.WindowsPath::toRealPath (22 bytes)
Event: 6.560 Thread 0x0000018f224a02c0 nmethod 7205 0x0000018f093de710 code [0x0000018f093de900, 0x0000018f093def38]
Event: 6.562 Thread 0x0000018f224a02c0 7206       3       java.util.zip.ZipFile$Source::close (45 bytes)
Event: 6.563 Thread 0x0000018f224a02c0 nmethod 7206 0x0000018f093df110 code [0x0000018f093df2c0, 0x0000018f093df588]
Event: 6.564 Thread 0x0000018f224a02c0 7207       3       com.sun.tools.javac.file.CacheFSInfo$$Lambda$77/0x0000000800d579b0::apply (12 bytes)
Event: 6.564 Thread 0x0000018f224a02c0 nmethod 7207 0x0000018f093df690 code [0x0000018f093df880, 0x0000018f093dfea8]
Event: 6.564 Thread 0x0000018f224a02c0 7208       3       com.sun.tools.javac.file.CacheFSInfo::lambda$getCanonicalFile$1 (6 bytes)
Event: 6.564 Thread 0x0000018f224a02c0 nmethod 7208 0x0000018f093e0110 code [0x0000018f093e02e0, 0x0000018f093e0788]
Event: 6.564 Thread 0x0000018f224a02c0 7209   !   3       com.sun.tools.javac.file.FSInfo::getCanonicalFile (24 bytes)
Event: 6.564 Thread 0x0000018f224a02c0 nmethod 7209 0x0000018f093e0990 code [0x0000018f093e0b60, 0x0000018f093e0fa8]
Event: 6.566 Thread 0x0000018f256cf710 nmethod 7203 0x0000018f0ffea290 code [0x0000018f0ffea420, 0x0000018f0ffea9f8]

GC Heap History (17 events):
Event: 0.598 GC heap before
{Heap before GC invocations=0 (full 0):
 garbage-first heap   total 262144K, used 22528K [0x0000000701000000, 0x0000000800000000)
  region size 2048K, 11 young (22528K), 0 survivors (0K)
 Metaspace       used 5928K, capacity 7726K, committed 7808K, reserved 1056768K
  class space    used 671K, capacity 830K, committed 896K, reserved 1048576K
}
Event: 0.602 GC heap after
{Heap after GC invocations=1 (full 0):
 garbage-first heap   total 262144K, used 3810K [0x0000000701000000, 0x0000000800000000)
  region size 2048K, 2 young (4096K), 2 survivors (4096K)
 Metaspace       used 5928K, capacity 7726K, committed 7808K, reserved 1056768K
  class space    used 671K, capacity 830K, committed 896K, reserved 1048576K
}
Event: 0.961 GC heap before
{Heap before GC invocations=1 (full 0):
 garbage-first heap   total 262144K, used 32482K [0x0000000701000000, 0x0000000800000000)
  region size 2048K, 16 young (32768K), 2 survivors (4096K)
 Metaspace       used 9827K, capacity 11274K, committed 11392K, reserved 1058816K
  class space    used 1153K, capacity 1325K, committed 1408K, reserved 1048576K
}
Event: 0.966 GC heap after
{Heap after GC invocations=2 (full 0):
 garbage-first heap   total 262144K, used 5504K [0x0000000701000000, 0x0000000800000000)
  region size 2048K, 1 young (2048K), 1 survivors (2048K)
 Metaspace       used 9827K, capacity 11274K, committed 11392K, reserved 1058816K
  class space    used 1153K, capacity 1325K, committed 1408K, reserved 1048576K
}
Event: 2.694 GC heap before
{Heap before GC invocations=2 (full 0):
 garbage-first heap   total 262144K, used 159104K [0x0000000701000000, 0x0000000800000000)
  region size 2048K, 76 young (155648K), 1 survivors (2048K)
 Metaspace       used 14604K, capacity 15262K, committed 15360K, reserved 1062912K
  class space    used 1557K, capacity 1700K, committed 1792K, reserved 1048576K
}
Event: 2.709 GC heap after
{Heap after GC invocations=3 (full 0):
 garbage-first heap   total 262144K, used 22702K [0x0000000701000000, 0x0000000800000000)
  region size 2048K, 10 young (20480K), 10 survivors (20480K)
 Metaspace       used 14604K, capacity 15262K, committed 15360K, reserved 1062912K
  class space    used 1557K, capacity 1700K, committed 1792K, reserved 1048576K
}
Event: 4.496 GC heap before
{Heap before GC invocations=3 (full 0):
 garbage-first heap   total 262144K, used 204974K [0x0000000701000000, 0x0000000800000000)
  region size 2048K, 76 young (155648K), 10 survivors (20480K)
 Metaspace       used 18495K, capacity 18924K, committed 19072K, reserved 1067008K
  class space    used 1932K, capacity 2088K, committed 2176K, reserved 1048576K
}
Event: 4.510 GC heap after
{Heap after GC invocations=4 (full 0):
 garbage-first heap   total 262144K, used 29629K [0x0000000701000000, 0x0000000800000000)
  region size 2048K, 4 young (8192K), 4 survivors (8192K)
 Metaspace       used 18495K, capacity 18924K, committed 19072K, reserved 1067008K
  class space    used 1932K, capacity 2088K, committed 2176K, reserved 1048576K
}
Event: 4.752 GC heap before
{Heap before GC invocations=4 (full 0):
 garbage-first heap   total 262144K, used 84925K [0x0000000701000000, 0x0000000800000000)
  region size 2048K, 31 young (63488K), 4 survivors (8192K)
 Metaspace       used 20687K, capacity 21188K, committed 21296K, reserved 1069056K
  class space    used 2225K, capacity 2400K, committed 2432K, reserved 1048576K
}
Event: 4.758 GC heap after
{Heap after GC invocations=5 (full 0):
 garbage-first heap   total 315392K, used 35880K [0x0000000701000000, 0x0000000800000000)
  region size 2048K, 5 young (10240K), 5 survivors (10240K)
 Metaspace       used 20687K, capacity 21188K, committed 21296K, reserved 1069056K
  class space    used 2225K, capacity 2400K, committed 2432K, reserved 1048576K
}
Event: 5.324 GC heap before
{Heap before GC invocations=6 (full 0):
 garbage-first heap   total 131072K, used 101416K [0x0000000701000000, 0x0000000800000000)
  region size 2048K, 38 young (77824K), 5 survivors (10240K)
 Metaspace       used 24967K, capacity 25442K, committed 25596K, reserved 1073152K
  class space    used 2678K, capacity 2858K, committed 2892K, reserved 1048576K
}
Event: 5.337 GC heap after
{Heap after GC invocations=7 (full 0):
 garbage-first heap   total 131072K, used 45363K [0x0000000701000000, 0x0000000800000000)
  region size 2048K, 5 young (10240K), 5 survivors (10240K)
 Metaspace       used 24967K, capacity 25442K, committed 25596K, reserved 1073152K
  class space    used 2678K, capacity 2858K, committed 2892K, reserved 1048576K
}
Event: 5.833 GC heap before
{Heap before GC invocations=8 (full 0):
 garbage-first heap   total 131072K, used 96563K [0x0000000701000000, 0x0000000800000000)
  region size 2048K, 31 young (63488K), 5 survivors (10240K)
 Metaspace       used 25724K, capacity 26250K, committed 26492K, reserved 1073152K
  class space    used 2736K, capacity 2892K, committed 3020K, reserved 1048576K
}
Event: 5.844 GC heap after
{Heap after GC invocations=9 (full 0):
 garbage-first heap   total 131072K, used 54427K [0x0000000701000000, 0x0000000800000000)
  region size 2048K, 4 young (8192K), 4 survivors (8192K)
 Metaspace       used 25724K, capacity 26250K, committed 26492K, reserved 1073152K
  class space    used 2736K, capacity 2892K, committed 3020K, reserved 1048576K
}
Event: 6.471 GC heap before
{Heap before GC invocations=9 (full 0):
 garbage-first heap   total 131072K, used 97435K [0x0000000701000000, 0x0000000800000000)
  region size 2048K, 26 young (53248K), 4 survivors (8192K)
 Metaspace       used 28202K, capacity 28709K, committed 28796K, reserved 1075200K
  class space    used 2978K, capacity 3199K, committed 3276K, reserved 1048576K
}
Event: 6.484 GC heap after
{Heap after GC invocations=10 (full 0):
 garbage-first heap   total 131072K, used 59796K [0x0000000701000000, 0x0000000800000000)
  region size 2048K, 3 young (6144K), 3 survivors (6144K)
 Metaspace       used 28202K, capacity 28709K, committed 28796K, reserved 1075200K
  class space    used 2978K, capacity 3199K, committed 3276K, reserved 1048576K
}
Event: 6.572 GC heap before
{Heap before GC invocations=10 (full 0):
 garbage-first heap   total 131072K, used 98708K [0x0000000701000000, 0x0000000800000000)
  region size 2048K, 23 young (47104K), 3 survivors (6144K)
 Metaspace       used 28212K, capacity 28773K, committed 29052K, reserved 1075200K
  class space    used 2978K, capacity 3199K, committed 3276K, reserved 1048576K
}

Deoptimization events (20 events):
Event: 6.420 Thread 0x0000018f7e068a50 DEOPT PACKING pc=0x0000018f0fd463bc sp=0x000000532a9fd9b0
Event: 6.420 Thread 0x0000018f7e068a50 DEOPT UNPACKING pc=0x0000018f081ae42f sp=0x000000532a9fd820 mode 2
Event: 6.421 Thread 0x0000018f7e068a50 Uncommon trap: trap_request=0xffffffde fr.pc=0x0000018f0fd4a784 relative=0x0000000000000524
Event: 6.421 Thread 0x0000018f7e068a50 Uncommon trap: reason=class_check action=maybe_recompile pc=0x0000018f0fd4a784 method=sun.nio.cs.StreamEncoder.writeBytes()V @ 120 c2
Event: 6.421 Thread 0x0000018f7e068a50 DEOPT PACKING pc=0x0000018f0fd4a784 sp=0x000000532a9fda10
Event: 6.421 Thread 0x0000018f7e068a50 DEOPT UNPACKING pc=0x0000018f081ae42f sp=0x000000532a9fd9e0 mode 2
Event: 6.452 Thread 0x0000018f7e068a50 Uncommon trap: trap_request=0xffffff45 fr.pc=0x0000018f0ff78038 relative=0x0000000000000378
Event: 6.452 Thread 0x0000018f7e068a50 Uncommon trap: reason=unstable_if action=reinterpret pc=0x0000018f0ff78038 method=com.sun.tools.javac.file.BaseFileManager.getKind(Ljava/lang/String;)Ljavax/tools/JavaFileObject$Kind; @ 27 c2
Event: 6.452 Thread 0x0000018f7e068a50 DEOPT PACKING pc=0x0000018f0ff78038 sp=0x000000532a9fd8f0
Event: 6.452 Thread 0x0000018f7e068a50 DEOPT UNPACKING pc=0x0000018f081ae42f sp=0x000000532a9fd898 mode 2
Event: 6.452 Thread 0x0000018f7e068a50 DEOPT PACKING pc=0x0000018f09184ae4 sp=0x000000532a9fccd0
Event: 6.452 Thread 0x0000018f7e068a50 DEOPT UNPACKING pc=0x0000018f081ae23f sp=0x000000532a9fc250 mode 0
Event: 6.453 Thread 0x0000018f7e068a50 DEOPT PACKING pc=0x0000018f09184ae4 sp=0x000000532a9fccd0
Event: 6.453 Thread 0x0000018f7e068a50 DEOPT UNPACKING pc=0x0000018f081ae23f sp=0x000000532a9fc250 mode 0
Event: 6.488 Thread 0x0000018f7e068a50 DEOPT PACKING pc=0x0000018f09053f47 sp=0x000000532a9fcb60
Event: 6.489 Thread 0x0000018f7e068a50 DEOPT UNPACKING pc=0x0000018f081ae23f sp=0x000000532a9fc100 mode 0
Event: 6.518 Thread 0x0000018f7e068a50 DEOPT PACKING pc=0x0000018f09053f47 sp=0x000000532a9fcb60
Event: 6.518 Thread 0x0000018f7e068a50 DEOPT UNPACKING pc=0x0000018f081ae23f sp=0x000000532a9fc100 mode 0
Event: 6.545 Thread 0x0000018f7e068a50 DEOPT PACKING pc=0x0000018f09053f47 sp=0x000000532a9fcb60
Event: 6.545 Thread 0x0000018f7e068a50 DEOPT UNPACKING pc=0x0000018f081ae23f sp=0x000000532a9fc100 mode 0

Classes unloaded (0 events):
No events

Classes redefined (0 events):
No events

Internal exceptions (20 events):
Event: 6.323 Thread 0x0000018f7e068a50 Exception <a 'sun/nio/fs/WindowsException'{0x0000000707b6ceb8}> (0x0000000707b6ceb8) 
thrown [./open/src/hotspot/share/prims/jni.cpp, line 578]
Event: 6.324 Thread 0x0000018f7e068a50 Exception <a 'sun/nio/fs/WindowsException'{0x0000000707b784d8}> (0x0000000707b784d8) 
thrown [./open/src/hotspot/share/prims/jni.cpp, line 578]
Event: 6.324 Thread 0x0000018f7e068a50 Exception <a 'sun/nio/fs/WindowsException'{0x0000000707b788e0}> (0x0000000707b788e0) 
thrown [./open/src/hotspot/share/prims/jni.cpp, line 578]
Event: 6.324 Thread 0x0000018f7e068a50 Exception <a 'sun/nio/fs/WindowsException'{0x0000000707b92df8}> (0x0000000707b92df8) 
thrown [./open/src/hotspot/share/prims/jni.cpp, line 578]
Event: 6.324 Thread 0x0000018f7e068a50 Exception <a 'sun/nio/fs/WindowsException'{0x0000000707b93248}> (0x0000000707b93248) 
thrown [./open/src/hotspot/share/prims/jni.cpp, line 578]
Event: 6.324 Thread 0x0000018f7e068a50 Exception <a 'sun/nio/fs/WindowsException'{0x0000000707b94d90}> (0x0000000707b94d90) 
thrown [./open/src/hotspot/share/prims/jni.cpp, line 578]
Event: 6.324 Thread 0x0000018f7e068a50 Exception <a 'sun/nio/fs/WindowsException'{0x0000000707b95268}> (0x0000000707b95268) 
thrown [./open/src/hotspot/share/prims/jni.cpp, line 578]
Event: 6.328 Thread 0x0000018f7e068a50 Exception <a 'sun/nio/fs/WindowsException'{0x0000000707bfa0f0}> (0x0000000707bfa0f0) 
thrown [./open/src/hotspot/share/prims/jni.cpp, line 578]
Event: 6.332 Thread 0x0000018f7e068a50 Exception <a 'sun/nio/fs/WindowsException'{0x0000000707811208}> (0x0000000707811208) 
thrown [./open/src/hotspot/share/prims/jni.cpp, line 578]
Event: 6.335 Thread 0x0000018f7e068a50 Exception <a 'sun/nio/fs/WindowsException'{0x000000070781c728}> (0x000000070781c728) 
thrown [./open/src/hotspot/share/prims/jni.cpp, line 578]
Event: 6.339 Thread 0x0000018f7e068a50 Exception <a 'sun/nio/fs/WindowsException'{0x000000070782d038}> (0x000000070782d038) 
thrown [./open/src/hotspot/share/prims/jni.cpp, line 578]
Event: 6.342 Thread 0x0000018f7e068a50 Exception <a 'sun/nio/fs/WindowsException'{0x000000070783a7b0}> (0x000000070783a7b0) 
thrown [./open/src/hotspot/share/prims/jni.cpp, line 578]
Event: 6.367 Thread 0x0000018f7e068a50 Exception <a 'sun/nio/fs/WindowsException'{0x0000000707926e18}> (0x0000000707926e18) 
thrown [./open/src/hotspot/share/prims/jni.cpp, line 578]
Event: 6.381 Thread 0x0000018f7e068a50 Exception <a 'sun/nio/fs/WindowsException'{0x00000007079c8d20}> (0x00000007079c8d20) 
thrown [./open/src/hotspot/share/prims/jni.cpp, line 578]
Event: 6.385 Thread 0x0000018f7e068a50 Exception <a 'sun/nio/fs/WindowsException'{0x00000007079d4178}> (0x00000007079d4178) 
thrown [./open/src/hotspot/share/prims/jni.cpp, line 578]
Event: 6.388 Thread 0x0000018f7e068a50 Exception <a 'sun/nio/fs/WindowsException'{0x00000007079dec40}> (0x00000007079dec40) 
thrown [./open/src/hotspot/share/prims/jni.cpp, line 578]
Event: 6.392 Thread 0x0000018f7e068a50 Exception <a 'sun/nio/fs/WindowsException'{0x00000007079fefc8}> (0x00000007079fefc8) 
thrown [./open/src/hotspot/share/prims/jni.cpp, line 578]
Event: 6.396 Thread 0x0000018f7e068a50 Exception <a 'sun/nio/fs/WindowsException'{0x0000000707612050}> (0x0000000707612050) 
thrown [./open/src/hotspot/share/prims/jni.cpp, line 578]
Event: 6.399 Thread 0x0000018f7e068a50 Exception <a 'sun/nio/fs/WindowsException'{0x0000000707625f10}> (0x0000000707625f10) 
thrown [./open/src/hotspot/share/prims/jni.cpp, line 578]
Event: 6.402 Thread 0x0000018f7e068a50 Exception <a 'sun/nio/fs/WindowsException'{0x00000007076394b8}> (0x00000007076394b8) 
thrown [./open/src/hotspot/share/prims/jni.cpp, line 578]

Events (20 events):
Event: 6.310 Executing VM operation: ICBufferFull
Event: 6.310 Executing VM operation: ICBufferFull done
Event: 6.405 loading class java/util/EnumMap$Values
Event: 6.405 loading class java/util/EnumMap$Values done
Event: 6.405 loading class java/util/EnumMap$ValueIterator
Event: 6.405 loading class java/util/EnumMap$ValueIterator done
Event: 6.408 loading class java/util/WeakHashMap$KeyIterator
Event: 6.408 loading class java/util/WeakHashMap$HashIterator
Event: 6.408 loading class java/util/WeakHashMap$HashIterator done
Event: 6.408 loading class java/util/WeakHashMap$KeyIterator done
Event: 6.412 loading class java/text/MessageFormat$Field
Event: 6.412 loading class java/text/MessageFormat$Field done
Event: 6.431 Executing VM operation: ICBufferFull
Event: 6.432 Executing VM operation: ICBufferFull done
Event: 6.432 Executing VM operation: HandshakeAllThreads
Event: 6.432 Executing VM operation: HandshakeAllThreads done
Event: 6.471 Executing VM operation: G1CollectForAllocation
Event: 6.484 Executing VM operation: G1CollectForAllocation done
Event: 6.536 Loaded shared library C:\Program Files\Java\jdk-15.0.2\bin\zip.dll
Event: 6.572 Executing VM operation: G1CollectForAllocation


Dynamic libraries:
0x00007ff661950000 - 0x00007ff66195f000 	C:\Program Files\Java\jdk-15.0.2\bin\java.exe
0x00007ffbe8970000 - 0x00007ffbe8b64000 	C:\Windows\SYSTEM32\ntdll.dll
0x00007ffbe7c20000 - 0x00007ffbe7cdd000 	C:\Windows\System32\KERNEL32.DLL
0x00007ffbe61d0000 - 0x00007ffbe6497000 	C:\Windows\System32\KERNELBASE.dll
0x00007ffbe64a0000 - 0x00007ffbe65a0000 	C:\Windows\System32\ucrtbase.dll
0x00007ffbd5b80000 - 0x00007ffbd5b98000 	C:\Program Files\Java\jdk-15.0.2\bin\jli.dll
0x00007ffbd5b60000 - 0x00007ffbd5b79000 	C:\Program Files\Java\jdk-15.0.2\bin\VCRUNTIME140.dll
0x00007ffbe8850000 - 0x00007ffbe88fa000 	C:\Windows\System32\ADVAPI32.dll
0x00007ffbe6f00000 - 0x00007ffbe6f9e000 	C:\Windows\System32\msvcrt.dll
0x00007ffbe7d10000 - 0x00007ffbe7dab000 	C:\Windows\System32\sechost.dll
0x00007ffbe7960000 - 0x00007ffbe7a83000 	C:\Windows\System32\RPCRT4.dll
0x00007ffbe6d60000 - 0x00007ffbe6f00000 	C:\Windows\System32\USER32.dll
0x00007ffbd7480000 - 0x00007ffbd771a000 	C:\Windows\WinSxS\amd64_microsoft.windows.common-controls_6595b64144ccf1df_6.0.19041.1_none_b555e41d4684ddec\COMCTL32.dll
0x00007ffbe61a0000 - 0x00007ffbe61c2000 	C:\Windows\System32\win32u.dll
0x00007ffbe7ce0000 - 0x00007ffbe7d0a000 	C:\Windows\System32\GDI32.dll
0x00007ffbe6090000 - 0x00007ffbe619a000 	C:\Windows\System32\gdi32full.dll
0x00007ffbe65d0000 - 0x00007ffbe666d000 	C:\Windows\System32\msvcp_win.dll
0x00007ffbdd7e0000 - 0x00007ffbdd7ea000 	C:\Windows\SYSTEM32\VERSION.dll
0x00007ffbe78d0000 - 0x00007ffbe7900000 	C:\Windows\System32\IMM32.DLL
0x00007ffbe0310000 - 0x00007ffbe031c000 	C:\Program Files\Java\jdk-15.0.2\bin\vcruntime140_1.dll
0x00007ffbb5e40000 - 0x00007ffbb5ed1000 	C:\Program Files\Java\jdk-15.0.2\bin\msvcp140.dll
0x00007ffb734c0000 - 0x00007ffb7401e000 	C:\Program Files\Java\jdk-15.0.2\bin\server\jvm.dll
0x00007ffbe7bf0000 - 0x00007ffbe7bf8000 	C:\Windows\System32\PSAPI.DLL
0x00007ffbdb8b0000 - 0x00007ffbdb8d7000 	C:\Windows\SYSTEM32\WINMM.dll
0x00007ffbe14f0000 - 0x00007ffbe14f9000 	C:\Windows\SYSTEM32\WSOCK32.dll
0x00007ffbe7b80000 - 0x00007ffbe7beb000 	C:\Windows\System32\WS2_32.dll
0x00007ffbe4000000 - 0x00007ffbe4013000 	C:\Windows\SYSTEM32\kernel.appcore.dll
0x00007ffbdee90000 - 0x00007ffbdee9a000 	C:\Program Files\Java\jdk-15.0.2\bin\jimage.dll
0x00007ffbdbaf0000 - 0x00007ffbdbcd4000 	C:\Windows\SYSTEM32\DBGHELP.DLL
0x00007ffbd8990000 - 0x00007ffbd89bc000 	C:\Windows\SYSTEM32\dbgcore.DLL
0x00007ffbe6670000 - 0x00007ffbe66ef000 	C:\Windows\System32\bcryptPrimitives.dll
0x00007ffbd82f0000 - 0x00007ffbd82fe000 	C:\Program Files\Java\jdk-15.0.2\bin\instrument.dll
0x00007ffbd5290000 - 0x00007ffbd52b5000 	C:\Program Files\Java\jdk-15.0.2\bin\java.dll
0x00007ffbe7db0000 - 0x00007ffbe84e5000 	C:\Windows\System32\SHELL32.dll
0x00007ffbe4200000 - 0x00007ffbe498f000 	C:\Windows\SYSTEM32\windows.storage.dll
0x00007ffbe84f0000 - 0x00007ffbe8843000 	C:\Windows\System32\combase.dll
0x00007ffbe5a40000 - 0x00007ffbe5a6b000 	C:\Windows\SYSTEM32\Wldp.dll
0x00007ffbe6bc0000 - 0x00007ffbe6c6e000 	C:\Windows\System32\SHCORE.dll
0x00007ffbe7900000 - 0x00007ffbe7955000 	C:\Windows\System32\shlwapi.dll
0x00007ffbe5fd0000 - 0x00007ffbe5fef000 	C:\Windows\SYSTEM32\profapi.dll
0x00007ffbd5850000 - 0x00007ffbd5868000 	C:\Program Files\Java\jdk-15.0.2\bin\zip.dll
0x00007ffbd48d0000 - 0x00007ffbd48e9000 	C:\Program Files\Java\jdk-15.0.2\bin\net.dll
0x00007ffbe0880000 - 0x00007ffbe0980000 	C:\Windows\SYSTEM32\WINHTTP.dll
0x00007ffbe5830000 - 0x00007ffbe589a000 	C:\Windows\system32\mswsock.dll
0x00007ffbd30b0000 - 0x00007ffbd30c2000 	C:\Program Files\Java\jdk-15.0.2\bin\nio.dll
0x00007ffbcdc50000 - 0x00007ffbcdc6a000 	C:\Program Files\JetBrains\IntelliJ IDEA Community Edition 2020.3.2\bin\breakgen64.dll
0x00007ffbd81d0000 - 0x00007ffbd81e0000 	C:\Program Files\Java\jdk-15.0.2\bin\verify.dll
0x00007ffbe5a80000 - 0x00007ffbe5a98000 	C:\Windows\SYSTEM32\CRYPTSP.dll
0x00007ffbe5170000 - 0x00007ffbe51a4000 	C:\Windows\system32\rsaenh.dll
0x00007ffbe65a0000 - 0x00007ffbe65c7000 	C:\Windows\System32\bcrypt.dll
0x00007ffbe5f50000 - 0x00007ffbe5f7e000 	C:\Windows\SYSTEM32\USERENV.dll
0x00007ffbe59b0000 - 0x00007ffbe59bc000 	C:\Windows\SYSTEM32\CRYPTBASE.dll
0x00007ffbe54f0000 - 0x00007ffbe552b000 	C:\Windows\SYSTEM32\IPHLPAPI.DLL
0x00007ffbe7b70000 - 0x00007ffbe7b79000 	C:\Windows\System32\NSI.dll
0x00007ffbdf770000 - 0x00007ffbdf787000 	C:\Windows\SYSTEM32\dhcpcsvc6.DLL
0x00007ffbdf5d0000 - 0x00007ffbdf5ed000 	C:\Windows\SYSTEM32\dhcpcsvc.DLL
0x00007ffbe5540000 - 0x00007ffbe560a000 	C:\Windows\SYSTEM32\DNSAPI.dll
0x00007ffbd6670000 - 0x00007ffbd667a000 	C:\Users\preda\AppData\Local\Temp\jansi-1.17.1-16243200184328407794.dll
0x00007ffbd5b50000 - 0x00007ffbd5b5a000 	C:\Users\preda\AppData\Local\Temp\jansi-1.17.1-11719761988369559014.dll

dbghelp: loaded successfully - version: 4.0.5 - missing functions: none
symbol engine: initialized successfully - sym options: 0x614 - pdb path: .;C:\Program Files\Java\jdk-15.0.2\bin;C:\Windows\SYSTEM32;C:\Windows\WinSxS\amd64_microsoft.windows.common-controls_6595b64144ccf1df_6.0.19041.1_none_b555e41d4684ddec;C:\Program Files\Java\jdk-15.0.2\bin\server;C:\Program Files\JetBrains\IntelliJ IDEA Community Edition 2020.3.2\bin;C:\Users\preda\AppData\Local\Temp

VM Arguments:
jvm_args: -Dmaven.multiModuleProjectDirectory=C:\Users\preda\Desktop\Uni\4. Semester\Software Architektur\PS\ProjektArbeit\g5t2\Project -Dmaven.home=C:\Program Files\JetBrains\IntelliJ IDEA Community Edition 2020.3.2\plugins\maven\lib\maven3 -Dclassworlds.conf=C:\Program Files\JetBrains\IntelliJ IDEA Community Edition 2020.3.2\plugins\maven\lib\maven3\bin\m2.conf -Dmaven.ext.class.path=C:\Program Files\JetBrains\IntelliJ IDEA Community Edition 2020.3.2\plugins\maven\lib\maven-event-listener.jar -javaagent:C:\Program Files\JetBrains\IntelliJ IDEA Community Edition 2020.3.2\lib\idea_rt.jar=51007:C:\Program Files\JetBrains\IntelliJ IDEA Community Edition 2020.3.2\bin -Dfile.encoding=UTF-8 
java_command: org.codehaus.classworlds.Launcher -Didea.version=2021.2.3 spring-boot:run
java_class_path (initial): C:\Program Files\JetBrains\IntelliJ IDEA Community Edition 2020.3.2\plugins\maven\lib\maven3\boot\plexus-classworlds-2.6.0.jar;C:\Program Files\JetBrains\IntelliJ IDEA Community Edition 2020.3.2\plugins\maven\lib\maven3\boot\plexus-classworlds.license
Launcher Type: SUN_STANDARD

[Global flags]
     intx CICompilerCount                          = 4                                         {product} {ergonomic}
     uint ConcGCThreads                            = 3                                         {product} {ergonomic}
     uint G1ConcRefinementThreads                  = 10                                        {product} {ergonomic}
   size_t G1HeapRegionSize                         = 2097152                                   {product} {ergonomic}
    uintx GCDrainStackTargetSize                   = 64                                        {product} {ergonomic}
   size_t InitialHeapSize                          = 268435456                                 {product} {ergonomic}
   size_t MarkStackSize                            = 4194304                                   {product} {ergonomic}
   size_t MaxHeapSize                              = 4278190080                                {product} {ergonomic}
   size_t MaxNewSize                               = 2566914048                                {product} {ergonomic}
   size_t MinHeapDeltaBytes                        = 2097152                                   {product} {ergonomic}
   size_t MinHeapSize                              = 8388608                                   {product} {ergonomic}
    uintx NonNMethodCodeHeapSize                   = 5839372                                {pd product} {ergonomic}
    uintx NonProfiledCodeHeapSize                  = 122909434                              {pd product} {ergonomic}
    uintx ProfiledCodeHeapSize                     = 122909434                              {pd product} {ergonomic}
    uintx ReservedCodeCacheSize                    = 251658240                              {pd product} {ergonomic}
     bool SegmentedCodeCache                       = true                                      {product} {ergonomic}
   size_t SoftMaxHeapSize                          = 4278190080                             {manageable} {ergonomic}
     bool UseCompressedClassPointers               = true                                 {lp64_product} {ergonomic}
     bool UseCompressedOops                        = true                                 {lp64_product} {ergonomic}
     bool UseG1GC                                  = true                                      {product} {ergonomic}
     bool UseLargePagesIndividualAllocation        = false                                  {pd product} {ergonomic}

Logging:
Log output configuration:
 #0: stdout all=warning uptime,level,tags
 #1: stderr all=off uptime,level,tags

Environment Variables:
JAVA_HOME=C:\Program Files\Java\jdk-11.0.2
PATH=C:\Program Files\Java\jdk-11.0.2\bin;C:\Program Files\Java\jdk-11.0.2bin;C:\Program Files\Common Files\Oracle\Java\javapath;C:\Windows\system32;C:\Windows;C:\Windows\System32\Wbem;C:\Windows\System32\WindowsPowerShell\v1.0\;C:\Windows\System32\OpenSSH\;C:\ProgramData\chocolatey\bin;C:\Program Files\PostgreSQL\11\bin;C:\MinGW\bin;C:\Program Files\Git\cmd;C:\Users\preda\AppData\Local\Programs\Python\Python39\Scripts\;C:\Users\preda\AppData\Local\Programs\Python\Python39\;C:\Users\preda\AppData\Local\Microsoft\WindowsApps;C:\Users\preda\AppData\Roaming\cabal\bin;C:\ProgramData\chocolatey\lib\ghc\tools\ghc-8.10.2\bin;C:\tools\msys64;C:\Users\preda\AppData\Local\Programs\Microsoft VS Code\bin;C:\Program Files\JetBrains\IntelliJ IDEA Community Edition 2020.3.2\bin;C:\Users\preda\AppData\Local\atom\bin;C:\Program Files\Maven\apache-maven-3.8.1\bin;C:\MinGW\bin;
USERNAME=preda
OS=Windows_NT
PROCESSOR_IDENTIFIER=AMD64 Family 23 Model 1 Stepping 1, AuthenticAMD



---------------  S Y S T E M  ---------------

OS:
 Windows 10 , 64 bit Build 19041 (10.0.19041.292)
OS uptime: 24 days 18:03 hours
HyperV virtualization detected

CPU: total 12 (initial active 12) (12 cores per cpu, 2 threads per core) family 23 model 1 stepping 1 microcode 0x0, cmov, cx8, fxsr, mmx, sse, sse2, sse3, ssse3, sse4.1, sse4.2, popcnt, vzeroupper, avx, avx2, aes, clmul, 3dnowpref, lzcnt, sse4a, ht, tsc, tscinvbit, tscinv, bmi1, bmi2, adx, sha, fma, clflush, clflushopt

Memory: 4k page, system-wide physical 16318M (7582M free)
TotalPageFile size 20254M (AvailPageFile size 4441M)
current process WorkingSet (physical memory assigned to process): 294M, peak: 355M
current process commit charge ("private bytes"): 332M, peak: 476M

vm_info: Java HotSpot(TM) 64-Bit Server VM (15.0.2+7-27) for windows-amd64 JRE (15.0.2+7-27), built on Dec  7 2020 20:07:01 by "mach5one" with unknown MS VC++:1925

END.
